Warning message:
In dbg_log("H2", "analysis/run_job.R:lib_path", "resolve lib.R path",  :
  NAs introduced by coercion to integer range
Warning message:
In dbg_log("H1", "analysis/lib.R:load", "lib.R loaded", list()) :
  NAs introduced by coercion to integer range
Warning message:
In dbg_log("H2", "analysis/run_job.R:post_source", "after source(lib.R)",  :
  NAs introduced by coercion to integer range
converting counts to integer mode
converting counts to integer mode
estimating size factors
estimating dispersions
gene-wise dispersion estimates
mean-dispersion relationship
final dispersion estimates
fitting model and testing

error: GSEA 失败: could not find function "get_geneset_df" 
Warning message:
In dbg_log("H1", "analysis/run_job.R:before_gsea", "before run_gsea()",  :
  NAs introduced by coercion to integer range
